

*******************************************************************************
Tue Sep 16 23:39:56 2025


FIT:    data read from 'R.dat'
        format = z
        #datapoints = 51
        residuals are weighted equally (unit weight)

function used for fitting: f(x)
	f(x)=a*x*x
fitted parameters initialized with current variable values

iter      chisq       delta/lim  lambda   a            
   0 1.2743217704e+08   0.00e+00  4.08e-02    1.000000e+00
   3 5.8354001813e+07  -1.68e-06  4.08e-05   -2.848920e+04

After 3 iterations the fit converged.
final sum of squares of residuals : 5.8354e+07
rel. change during last iteration : -1.68249e-11

degrees of freedom    (FIT_NDF)                        : 50
rms of residuals      (FIT_STDFIT) = sqrt(WSSR/ndf)    : 1080.31
variance of residuals (reduced chisquare) = WSSR/ndf   : 1.16708e+06

Final set of parameters            Asymptotic Standard Error
=======================            ==========================
a               = -28489.2         +/- 3703         (13%)


*******************************************************************************
Tue Sep 16 23:40:07 2025


FIT:    data read from 'R.dat'
        format = z
        #datapoints = 51
        residuals are weighted equally (unit weight)

function used for fitting: f(x)
	f(x)=a+b*x*x
fitted parameters initialized with current variable values

iter      chisq       delta/lim  lambda   a             b            
   0 3.6927531058e+10   0.00e+00  2.01e+04   -2.848920e+04   1.000000e+00
   3 8.5574842374e+03  -5.77e-01  2.01e+01   -1.580665e+03   1.000448e+00

After 3 iterations the fit converged.
final sum of squares of residuals : 8557.48
rel. change during last iteration : -5.76899e-06

degrees of freedom    (FIT_NDF)                        : 49
rms of residuals      (FIT_STDFIT) = sqrt(WSSR/ndf)    : 13.2152
variance of residuals (reduced chisquare) = WSSR/ndf   : 174.643

Final set of parameters            Asymptotic Standard Error
=======================            ==========================
a               = -1580.67         +/- 2.759        (0.1746%)
b               = 1.00045          +/- 67.54        (6751%)

correlation matrix of the fit parameters:
                a      b      
a               1.000 
b              -0.742  1.000 


*******************************************************************************
Tue Sep 16 23:40:28 2025


FIT:    data read from 'R.dat'
        format = z
        #datapoints = 51
        residuals are weighted equally (unit weight)

function used for fitting: f(x)
	f(x)=a+.5*b*x*x
fitted parameters initialized with current variable values

iter      chisq       delta/lim  lambda   a             b            
   0 8.5754858061e+03   0.00e+00  1.12e+03   -1.580665e+03   1.000448e+00
   1 8.5754739613e+03  -1.38e-01  1.12e+02   -1.580650e+03   1.000456e+00

After 1 iterations the fit converged.
final sum of squares of residuals : 8575.47
rel. change during last iteration : -1.38124e-06

degrees of freedom    (FIT_NDF)                        : 49
rms of residuals      (FIT_STDFIT) = sqrt(WSSR/ndf)    : 13.2291
variance of residuals (reduced chisquare) = WSSR/ndf   : 175.01

Final set of parameters            Asymptotic Standard Error
=======================            ==========================
a               = -1580.65         +/- 2.762        (0.1747%)
b               = 1.00046          +/- 135.2        (1.352e+04%)

correlation matrix of the fit parameters:
                a      b      
a               1.000 
b              -0.742  1.000 


*******************************************************************************
Tue Sep 16 23:40:40 2025


FIT:    data read from 'R.dat'
        format = z
        #datapoints = 51
        residuals are weighted equally (unit weight)

function used for fitting: f(x)
	f(x)=a+.5*b*x*x
fitted parameters initialized with current variable values

iter      chisq       delta/lim  lambda   a             b            
   0 8.5754739613e+03   0.00e+00  1.12e+03   -1.580650e+03   1.000456e+00
   1 8.5754738305e+03  -1.53e-03  1.12e+02   -1.580650e+03   1.000463e+00

After 1 iterations the fit converged.
final sum of squares of residuals : 8575.47
rel. change during last iteration : -1.52502e-08

degrees of freedom    (FIT_NDF)                        : 49
rms of residuals      (FIT_STDFIT) = sqrt(WSSR/ndf)    : 13.2291
variance of residuals (reduced chisquare) = WSSR/ndf   : 175.01

Final set of parameters            Asymptotic Standard Error
=======================            ==========================
a               = -1580.65         +/- 2.762        (0.1747%)
b               = 1.00046          +/- 135.2        (1.352e+04%)

correlation matrix of the fit parameters:
                a      b      
a               1.000 
b              -0.742  1.000 


*******************************************************************************
Tue Sep 16 23:40:58 2025


FIT:    data read from 'R.dat'
        format = z
        #datapoints = 51
        residuals are weighted equally (unit weight)

function used for fitting: f(x)
	f(x)=a+b*x*x
fitted parameters initialized with current variable values

iter      chisq       delta/lim  lambda   a             b            
   0 8.5574954336e+03   0.00e+00  1.12e+03   -1.580650e+03   1.000463e+00
   1 8.5574832028e+03  -1.43e-01  1.12e+02   -1.580665e+03   1.000477e+00

After 1 iterations the fit converged.
final sum of squares of residuals : 8557.48
rel. change during last iteration : -1.42925e-06

degrees of freedom    (FIT_NDF)                        : 49
rms of residuals      (FIT_STDFIT) = sqrt(WSSR/ndf)    : 13.2152
variance of residuals (reduced chisquare) = WSSR/ndf   : 174.643

Final set of parameters            Asymptotic Standard Error
=======================            ==========================
a               = -1580.67         +/- 2.759        (0.1746%)
b               = 1.00048          +/- 67.54        (6751%)

correlation matrix of the fit parameters:
                a      b      
a               1.000 
b              -0.742  1.000 


*******************************************************************************
Tue Sep 16 23:41:54 2025


FIT:    data read from 'R.dat'
        format = z
        #datapoints = 51
        residuals are weighted equally (unit weight)

function used for fitting: f(x)
	f(x)=a+b*(x-c)^2
fitted parameters initialized with current variable values



*******************************************************************************
Tue Sep 16 23:42:02 2025


FIT:    data read from 'R.dat'
        format = z
        #datapoints = 51
        residuals are weighted equally (unit weight)

function used for fitting: f(x)
	f(x)=a+b*(x-c)**2
fitted parameters initialized with current variable values

iter      chisq       delta/lim  lambda   a             b             c            
   0 8.8013081995e+03   0.00e+00  9.13e+02   -1.580665e+03   1.000477e+00   1.000000e+00
1984 9.2314460668e-01  -5.45e-07  9.13e-07   -1.592808e+03   6.823691e+02   4.980440e-02

After 1984 iterations the fit converged.
final sum of squares of residuals : 0.923145
rel. change during last iteration : -5.4497e-12

degrees of freedom    (FIT_NDF)                        : 48
rms of residuals      (FIT_STDFIT) = sqrt(WSSR/ndf)    : 0.13868
variance of residuals (reduced chisquare) = WSSR/ndf   : 0.0192322

Final set of parameters            Asymptotic Standard Error
=======================            ==========================
a               = -1592.81         +/- 0.03002      (0.001884%)
b               = 682.369          +/- 2.785        (0.4082%)
c               = 0.0498044        +/- 0.0004395    (0.8825%)

correlation matrix of the fit parameters:
                a      b      c      
a               1.000 
b               0.207  1.000 
c               0.462  0.930  1.000 


*******************************************************************************
Tue Sep 16 23:48:19 2025


FIT:    data read from 'R.dat'
        format = z
        #datapoints = 51
        residuals are weighted equally (unit weight)

function used for fitting: f(x)
	f(x)=a+b*(x-c)^2
fitted parameters initialized with current variable values



*******************************************************************************
Tue Sep 16 23:48:27 2025


FIT:    data read from 'R.dat'
        format = z
        #datapoints = 51
        residuals are weighted equally (unit weight)

function used for fitting: f(x)
	f(x)=a+b*(x-c)**2
fitted parameters initialized with current variable values

iter      chisq       delta/lim  lambda   a             b             c            
   0 1.2770663046e+08   0.00e+00  1.22e+00    1.000000e+00   1.000000e+00   1.000000e+00
4248 1.0183138701e+04  -1.52e-02  1.22e-01   -2.075880e+01  -3.028334e-02  -2.267621e+02

After 4248 iterations the fit converged.
final sum of squares of residuals : 10183.1
rel. change during last iteration : -1.5238e-07

degrees of freedom    (FIT_NDF)                        : 48
rms of residuals      (FIT_STDFIT) = sqrt(WSSR/ndf)    : 14.5653
variance of residuals (reduced chisquare) = WSSR/ndf   : 212.149

Final set of parameters            Asymptotic Standard Error
=======================            ==========================
a               = -20.7588         +/- 1.508e+07    (7.263e+07%)
b               = -0.0302833       +/- 292.5        (9.659e+05%)
c               = -226.762         +/- 2.192e+06    (9.666e+05%)

correlation matrix of the fit parameters:
                a      b      c      
a               1.000 
b               1.000  1.000 
c              -1.000 -1.000  1.000 


*******************************************************************************
Tue Sep 16 23:49:00 2025


FIT:    data read from 'R.dat'
        format = z
        #datapoints = 51
        residuals are weighted equally (unit weight)

function used for fitting: f(x)
	f(x)=a+b*(x-c)**2
fitted parameters initialized with current variable values

iter      chisq       delta/lim  lambda   a             b             c            
   0 1.0183138701e+04   0.00e+00  2.01e+03   -2.075880e+01  -3.028334e-02  -2.267621e+02
1382 8.9498377162e+03  -1.00e+00  2.01e+01   -2.324364e+01  -1.682233e-03  -9.620278e+02

After 1382 iterations the fit converged.
final sum of squares of residuals : 8949.84
rel. change during last iteration : -9.99816e-06

degrees of freedom    (FIT_NDF)                        : 48
rms of residuals      (FIT_STDFIT) = sqrt(WSSR/ndf)    : 13.6549
variance of residuals (reduced chisquare) = WSSR/ndf   : 186.455

Final set of parameters            Asymptotic Standard Error
=======================            ==========================
a               = -23.2436         +/- 2.541e+08    (1.093e+09%)
b               = -0.00168223      +/- 274.2        (1.63e+07%)
c               = -962.028         +/- 1.568e+08    (1.63e+07%)

correlation matrix of the fit parameters:
                a      b      c      
a               1.000 
b               1.000  1.000 
c              -1.000 -1.000  1.000 


*******************************************************************************
Tue Sep 16 23:49:29 2025


FIT:    data read from 'R.dat'
        format = z
        #datapoints = 51
        residuals are weighted equally (unit weight)

function used for fitting: f(x)
	f(x)=a+b*(x-c)**2
fitted parameters initialized with current variable values

iter      chisq       delta/lim  lambda   a             b             c            
   0 1.2770663046e+08   0.00e+00  1.22e+00    1.000000e+00   1.000000e+00   1.000000e+00
4248 1.0183138701e+04  -1.52e-02  1.22e-01   -2.075880e+01  -3.028334e-02  -2.267621e+02

After 4248 iterations the fit converged.
final sum of squares of residuals : 10183.1
rel. change during last iteration : -1.5238e-07

degrees of freedom    (FIT_NDF)                        : 48
rms of residuals      (FIT_STDFIT) = sqrt(WSSR/ndf)    : 14.5653
variance of residuals (reduced chisquare) = WSSR/ndf   : 212.149

Final set of parameters            Asymptotic Standard Error
=======================            ==========================
a               = -20.7588         +/- 1.508e+07    (7.263e+07%)
b               = -0.0302833       +/- 292.5        (9.659e+05%)
c               = -226.762         +/- 2.192e+06    (9.666e+05%)

correlation matrix of the fit parameters:
                a      b      c      
a               1.000 
b               1.000  1.000 
c              -1.000 -1.000  1.000 


*******************************************************************************
Tue Sep 16 23:49:57 2025


FIT:    data read from 'R.dat'
        format = z
        #datapoints = 51
        residuals are weighted equally (unit weight)

function used for fitting: f(x)
	f(x)=a+b*(x-c)**2
fitted parameters initialized with current variable values

iter      chisq       delta/lim  lambda   a             b            
   0 1.0183138701e+04   0.00e+00  1.10e+03   -2.075880e+01  -3.028334e-02
   2 1.0164492256e+04  -2.11e-01  1.10e+01   -2.077780e+01  -3.029471e-02

After 2 iterations the fit converged.
final sum of squares of residuals : 10164.5
rel. change during last iteration : -2.11418e-06

degrees of freedom    (FIT_NDF)                        : 49
rms of residuals      (FIT_STDFIT) = sqrt(WSSR/ndf)    : 14.4027
variance of residuals (reduced chisquare) = WSSR/ndf   : 207.439

Final set of parameters            Asymptotic Standard Error
=======================            ==========================
a               = -20.7778         +/- 2591         (1.247e+04%)
b               = -0.0302947       +/- 0.05032      (166.1%)

correlation matrix of the fit parameters:
                a      b      
a               1.000 
b              -1.000  1.000 


*******************************************************************************
Tue Sep 16 23:50:07 2025


FIT:    data read from 'R.dat'
        format = z
        #datapoints = 51
        residuals are weighted equally (unit weight)

function used for fitting: f(x)
	f(x)=a+b*(x)**2
fitted parameters initialized with current variable values

iter      chisq       delta/lim  lambda   a             b            
   0 1.2409930550e+08   0.00e+00  1.47e+01   -2.077780e+01  -3.029471e-02
   7 1.1995384600e+02  -6.58e-03  1.47e-06   -1.594890e+03   4.704768e+02

After 7 iterations the fit converged.
final sum of squares of residuals : 119.954
rel. change during last iteration : -6.57906e-08

degrees of freedom    (FIT_NDF)                        : 49
rms of residuals      (FIT_STDFIT) = sqrt(WSSR/ndf)    : 1.56462
variance of residuals (reduced chisquare) = WSSR/ndf   : 2.44804

Final set of parameters            Asymptotic Standard Error
=======================            ==========================
a               = -1594.89         +/- 0.3267       (0.02048%)
b               = 470.477          +/- 7.997        (1.7%)

correlation matrix of the fit parameters:
                a      b      
a               1.000 
b              -0.742  1.000 


*******************************************************************************
Tue Sep 16 23:50:15 2025


FIT:    data read from 'R.dat'
        format = z
        #datapoints = 51
        residuals are weighted equally (unit weight)

function used for fitting: f(x)
	f(x)=a+b*(x-c)**2
fitted parameters initialized with current variable values

iter      chisq       delta/lim  lambda   a             b             c            
   0 2.9927934524e+16   0.00e+00  3.13e+07   -1.594890e+03   4.704768e+02  -2.267621e+02
 213 9.2314460668e-01  -2.81e-06  3.13e-04   -1.592808e+03   6.823691e+02   4.980440e-02

After 213 iterations the fit converged.
final sum of squares of residuals : 0.923145
rel. change during last iteration : -2.80731e-11

degrees of freedom    (FIT_NDF)                        : 48
rms of residuals      (FIT_STDFIT) = sqrt(WSSR/ndf)    : 0.13868
variance of residuals (reduced chisquare) = WSSR/ndf   : 0.0192322

Final set of parameters            Asymptotic Standard Error
=======================            ==========================
a               = -1592.81         +/- 0.03002      (0.001884%)
b               = 682.369          +/- 2.785        (0.4082%)
c               = 0.0498044        +/- 0.0004395    (0.8825%)

correlation matrix of the fit parameters:
                a      b      c      
a               1.000 
b               0.207  1.000 
c               0.462  0.930  1.000 


*******************************************************************************
Tue Sep 16 23:51:21 2025


FIT:    data read from 'R.dat'
        format = z
        #datapoints = 51
        residuals are weighted equally (unit weight)

function used for fitting: f(x)
	f(x)=a+b*(x-c)**2
fitted parameters initialized with current variable values

iter      chisq       delta/lim  lambda   a             b             c            
   0 1.2770663046e+08   0.00e+00  1.22e+00    1.000000e+00   1.000000e+00   1.000000e+00
4248 1.0183138701e+04  -1.52e-02  1.22e-01   -2.075880e+01  -3.028334e-02  -2.267621e+02

After 4248 iterations the fit converged.
final sum of squares of residuals : 10183.1
rel. change during last iteration : -1.5238e-07

degrees of freedom    (FIT_NDF)                        : 48
rms of residuals      (FIT_STDFIT) = sqrt(WSSR/ndf)    : 14.5653
variance of residuals (reduced chisquare) = WSSR/ndf   : 212.149

Final set of parameters            Asymptotic Standard Error
=======================            ==========================
a               = -20.7588         +/- 1.508e+07    (7.263e+07%)
b               = -0.0302833       +/- 292.5        (9.659e+05%)
c               = -226.762         +/- 2.192e+06    (9.666e+05%)

correlation matrix of the fit parameters:
                a      b      c      
a               1.000 
b               1.000  1.000 
c              -1.000 -1.000  1.000 


*******************************************************************************
Tue Sep 16 23:51:29 2025


FIT:    data read from 'R.dat'
        format = z
        #datapoints = 51
        residuals are weighted equally (unit weight)

function used for fitting: f(x)
	f(x)=a+b*(x)**2
fitted parameters initialized with current variable values

iter      chisq       delta/lim  lambda   a             b            
   0 1.2410232743e+08   0.00e+00  1.47e+01   -2.075880e+01  -3.028334e-02
   7 1.1995384600e+02  -6.55e-03  1.47e-06   -1.594890e+03   4.704768e+02

After 7 iterations the fit converged.
final sum of squares of residuals : 119.954
rel. change during last iteration : -6.54957e-08

degrees of freedom    (FIT_NDF)                        : 49
rms of residuals      (FIT_STDFIT) = sqrt(WSSR/ndf)    : 1.56462
variance of residuals (reduced chisquare) = WSSR/ndf   : 2.44804

Final set of parameters            Asymptotic Standard Error
=======================            ==========================
a               = -1594.89         +/- 0.3267       (0.02048%)
b               = 470.477          +/- 7.997        (1.7%)

correlation matrix of the fit parameters:
                a      b      
a               1.000 
b              -0.742  1.000 


*******************************************************************************
Tue Sep 16 23:51:35 2025


FIT:    data read from 'R.dat'
        format = z
        #datapoints = 51
        residuals are weighted equally (unit weight)

function used for fitting: f(x)
	f(x)=a+b*(x-c)**2
fitted parameters initialized with current variable values

iter      chisq       delta/lim  lambda   a             b             c            
   0 2.9927934524e+16   0.00e+00  3.13e+07   -1.594890e+03   4.704768e+02  -2.267621e+02
 213 9.2314460668e-01  -2.82e-06  3.13e-04   -1.592808e+03   6.823691e+02   4.980440e-02

After 213 iterations the fit converged.
final sum of squares of residuals : 0.923145
rel. change during last iteration : -2.81908e-11

degrees of freedom    (FIT_NDF)                        : 48
rms of residuals      (FIT_STDFIT) = sqrt(WSSR/ndf)    : 0.13868
variance of residuals (reduced chisquare) = WSSR/ndf   : 0.0192322

Final set of parameters            Asymptotic Standard Error
=======================            ==========================
a               = -1592.81         +/- 0.03002      (0.001884%)
b               = 682.369          +/- 2.785        (0.4082%)
c               = 0.0498044        +/- 0.0004395    (0.8825%)

correlation matrix of the fit parameters:
                a      b      c      
a               1.000 
b               0.207  1.000 
c               0.462  0.930  1.000 
